<?xml version="1.0" encoding="UTF-8"?>
<testng-results skipped="0" failed="0" ignored="0" total="1" passed="1">
  <reporter-output>
  </reporter-output>
  <suite name="Default suite" duration-ms="5510" started-at="2021-07-11T13:39:47 CDT" finished-at="2021-07-11T13:39:52 CDT">
    <groups>
    </groups>
    <test name="Default test" duration-ms="5510" started-at="2021-07-11T13:39:47 CDT" finished-at="2021-07-11T13:39:52 CDT">
      <class name="testNG_Project.ValidateMonth">
        <test-method status="PASS" signature="ValidateMonthTest()[pri:0, instance:testNG_Project.ValidateMonth@3cb1ffe6]" name="ValidateMonthTest" duration-ms="3855" started-at="2021-07-11T13:39:47 CDT" finished-at="2021-07-11T13:39:51 CDT">
          <reporter-output>
          </reporter-output>
        </test-method> <!-- ValidateMonthTest -->
        <test-method status="PASS" signature="teardown()[pri:0, instance:testNG_Project.ValidateMonth@3cb1ffe6]" name="teardown" is-config="true" duration-ms="1603" started-at="2021-07-11T13:39:51 CDT" finished-at="2021-07-11T13:39:52 CDT">
          <reporter-output>
          </reporter-output>
        </test-method> <!-- teardown -->
      </class> <!-- testNG_Project.ValidateMonth -->
    </test> <!-- Default test -->
  </suite> <!-- Default suite -->
</testng-results>
